#
# There is insufficient memory for the Java Runtime Environment to continue.
# Native memory allocation (mmap) failed to map 132120576 bytes for G1 virtual space
# Possible reasons:
#   The system is out of physical RAM or swap space
#   The process is running with CompressedOops enabled, and the Java Heap may be blocking the growth of the native heap
# Possible solutions:
#   Reduce memory load on the system
#   Increase physical memory or swap space
#   Check if swap backing store is full
#   Decrease Java heap size (-Xmx/-Xms)
#   Decrease number of Java threads
#   Decrease Java thread stack sizes (-Xss)
#   Set larger code cache with -XX:ReservedCodeCacheSize=
#   JVM is running with Unscaled Compressed Oops mode in which the Java heap is
#     placed in the first 4GB address space. The Java Heap base address is the
#     maximum limit for the native heap growth. Please use -XX:HeapBaseMinAddress
#     to set the Java Heap base and to place the Java Heap above 4GB virtual address.
# This output file may be truncated or incomplete.
#
#  Out of Memory Error (os_windows.cpp:3535), pid=35880, tid=6872
#
# JRE version:  (17.0.3.1+2) (build )
# Java VM: Java HotSpot(TM) 64-Bit Server VM (17.0.3.1+2-LTS-6, mixed mode, sharing, tiered, compressed oops, compressed class ptrs, g1 gc, windows-amd64)
# No core dump will be written. Minidumps are not enabled by default on client versions of Windows
#

---------------  S U M M A R Y ------------

Command Line: -Dfile.encoding=UTF-8 -XX:+ShowCodeDetailsInExceptionMessages com.ecart.configserver.ConfigserverApplication

Host: Intel(R) Core(TM) i5-8265U CPU @ 1.60GHz, 8 cores, 7G,  Windows 11 , 64 bit Build 22621 (10.0.22621.3958)
Time: Sat Oct  5 15:48:46 2024 India Standard Time elapsed time: 0.014487 seconds (0d 0h 0m 0s)

---------------  T H R E A D  ---------------

Current thread (0x000001813e24f5d0):  JavaThread "Unknown thread" [_thread_in_vm, id=6872, stack(0x0000000af7a00000,0x0000000af7b00000)]

Stack: [0x0000000af7a00000,0x0000000af7b00000]
Native frames: (J=compiled Java code, j=interpreted, Vv=VM code, C=native code)
V  [jvm.dll+0x6711ba]
V  [jvm.dll+0x7d0834]
V  [jvm.dll+0x7d1fde]
V  [jvm.dll+0x7d2643]
V  [jvm.dll+0x242c85]
V  [jvm.dll+0x66e0d9]
V  [jvm.dll+0x662a22]
V  [jvm.dll+0x300ddb]
V  [jvm.dll+0x308376]
V  [jvm.dll+0x357f7e]
V  [jvm.dll+0x3581af]
V  [jvm.dll+0x2d7ff8]
V  [jvm.dll+0x2d8f64]
V  [jvm.dll+0x7a2411]
V  [jvm.dll+0x365d01]
V  [jvm.dll+0x78187c]
V  [jvm.dll+0x3e873f]
V  [jvm.dll+0x3ea1e1]
C  [jli.dll+0x527b]
C  [ucrtbase.dll+0x29333]
C  [KERNEL32.DLL+0x1257d]
C  [ntdll.dll+0x5af28]


---------------  P R O C E S S  ---------------

Threads class SMR info:
_java_thread_list=0x00007ffe1b859858, length=0, elements={
}

Java Threads: ( => current thread )

Other Threads:
  0x000001813e2a8ed0 GCTaskThread "GC Thread#0" [stack: 0x0000000af7b00000,0x0000000af7c00000] [id=12176]
  0x000001813e2b99d0 ConcurrentGCThread "G1 Main Marker" [stack: 0x0000000af7c00000,0x0000000af7d00000] [id=29356]
  0x000001813e2bfba0 ConcurrentGCThread "G1 Conc#0" [stack: 0x0000000af7d00000,0x0000000af7e00000] [id=32420]

[error occurred during error reporting (printing all threads), id 0xc0000005, EXCEPTION_ACCESS_VIOLATION (0xc0000005) at pc=0x00007ffe1b0a89e7]

VM state: not at safepoint (not fully initialized)

VM Mutex/Monitor currently owned by a thread:  ([mutex/lock_event])
[0x000001813e24b6f0] Heap_lock - owner thread: 0x000001813e24f5d0

Heap address: 0x0000000082200000, size: 2014 MB, Compressed Oops mode: 32-bit

CDS archive(s) mapped at: [0x0000000000000000-0x0000000000000000-0x0000000000000000), size 0, SharedBaseAddress: 0x0000000800000000, ArchiveRelocationMode: 0.
Narrow klass base: 0x0000000000000000, Narrow klass shift: 0, Narrow klass range: 0x0

GC Precious Log:
<Empty>

Heap:
 garbage-first heap   total 0K, used 0K [0x0000000082200000, 0x0000000100000000)
  region size 1024K, 0 young (0K), 0 survivors (0K)

[error occurred during error reporting (printing heap information), id 0xc0000005, EXCEPTION_ACCESS_VIOLATION (0xc0000005) at pc=0x00007ffe1b48a629]

GC Heap History (0 events):
No events

Deoptimization events (0 events):
No events

Classes unloaded (0 events):
No events

Classes redefined (0 events):
No events

Internal exceptions (0 events):
No events

VM Operations (0 events):
No events

Events (1 events):
Event: 0.009 Loaded shared library C:\Program Files\Java\jdk-17.0.3.1\bin\java.dll


Dynamic libraries:
0x00007ff67f940000 - 0x00007ff67f950000 	C:\Program Files\Java\jdk-17.0.3.1\bin\javaw.exe
0x00007ffea7290000 - 0x00007ffea74a7000 	C:\WINDOWS\SYSTEM32\ntdll.dll
0x00007ffea6720000 - 0x00007ffea67e4000 	C:\WINDOWS\System32\KERNEL32.DLL
0x00007ffea4a00000 - 0x00007ffea4dad000 	C:\WINDOWS\System32\KERNELBASE.dll
0x00007ffea48b0000 - 0x00007ffea49c1000 	C:\WINDOWS\System32\ucrtbase.dll
0x00007ffe92840000 - 0x00007ffe92858000 	C:\Program Files\Java\jdk-17.0.3.1\bin\jli.dll
0x00007ffea64d0000 - 0x00007ffea6582000 	C:\WINDOWS\System32\ADVAPI32.dll
0x00007ffea5050000 - 0x00007ffea50f7000 	C:\WINDOWS\System32\msvcrt.dll
0x00007ffe85ba0000 - 0x00007ffe85bba000 	C:\Program Files\Java\jdk-17.0.3.1\bin\VCRUNTIME140.dll
0x00007ffea7070000 - 0x00007ffea7119000 	C:\WINDOWS\System32\sechost.dll
0x00007ffea49d0000 - 0x00007ffea49f8000 	C:\WINDOWS\System32\bcrypt.dll
0x00007ffea63b0000 - 0x00007ffea64c4000 	C:\WINDOWS\System32\RPCRT4.dll
0x00007ffea5460000 - 0x00007ffea560e000 	C:\WINDOWS\System32\USER32.dll
0x00007ffea4f90000 - 0x00007ffea4fb6000 	C:\WINDOWS\System32\win32u.dll
0x00007ffe8b7d0000 - 0x00007ffe8ba63000 	C:\WINDOWS\WinSxS\amd64_microsoft.windows.common-controls_6595b64144ccf1df_6.0.22621.3672_none_2713b9d173822955\COMCTL32.dll
0x00007ffea4fc0000 - 0x00007ffea4fe9000 	C:\WINDOWS\System32\GDI32.dll
0x00007ffea4e70000 - 0x00007ffea4f89000 	C:\WINDOWS\System32\gdi32full.dll
0x00007ffea45b0000 - 0x00007ffea464a000 	C:\WINDOWS\System32\msvcp_win.dll
0x00007ffe998a0000 - 0x00007ffe998aa000 	C:\WINDOWS\SYSTEM32\VERSION.dll
0x00007ffea71a0000 - 0x00007ffea71d1000 	C:\WINDOWS\System32\IMM32.DLL
0x00007ffe92b20000 - 0x00007ffe92b2c000 	C:\Program Files\Java\jdk-17.0.3.1\bin\vcruntime140_1.dll
0x00007ffe6d6f0000 - 0x00007ffe6d77d000 	C:\Program Files\Java\jdk-17.0.3.1\bin\msvcp140.dll
0x00007ffe1adc0000 - 0x00007ffe1b980000 	C:\Program Files\Java\jdk-17.0.3.1\bin\server\jvm.dll
0x00007ffea6cd0000 - 0x00007ffea6cd8000 	C:\WINDOWS\System32\PSAPI.DLL
0x00007ffe9a240000 - 0x00007ffe9a274000 	C:\WINDOWS\SYSTEM32\WINMM.dll
0x00007ffe9cee0000 - 0x00007ffe9cee9000 	C:\WINDOWS\SYSTEM32\WSOCK32.dll
0x00007ffea6590000 - 0x00007ffea6601000 	C:\WINDOWS\System32\WS2_32.dll
0x00007ffea35a0000 - 0x00007ffea35b8000 	C:\WINDOWS\SYSTEM32\kernel.appcore.dll
0x00007ffe9cf80000 - 0x00007ffe9cf8a000 	C:\Program Files\Java\jdk-17.0.3.1\bin\jimage.dll
0x00007ffea1e00000 - 0x00007ffea2032000 	C:\WINDOWS\SYSTEM32\DBGHELP.DLL
0x00007ffea6ce0000 - 0x00007ffea706d000 	C:\WINDOWS\System32\combase.dll
0x00007ffea6640000 - 0x00007ffea6717000 	C:\WINDOWS\System32\OLEAUT32.dll
0x00007ffe73f20000 - 0x00007ffe73f52000 	C:\WINDOWS\SYSTEM32\dbgcore.DLL
0x00007ffea4830000 - 0x00007ffea48ab000 	C:\WINDOWS\System32\bcryptPrimitives.dll
0x00007ffe95400000 - 0x00007ffe95425000 	C:\Program Files\Java\jdk-17.0.3.1\bin\java.dll

dbghelp: loaded successfully - version: 4.0.5 - missing functions: none
symbol engine: initialized successfully - sym options: 0x614 - pdb path: .;C:\Program Files\Java\jdk-17.0.3.1\bin;C:\WINDOWS\SYSTEM32;C:\WINDOWS\WinSxS\amd64_microsoft.windows.common-controls_6595b64144ccf1df_6.0.22621.3672_none_2713b9d173822955;C:\Program Files\Java\jdk-17.0.3.1\bin\server

VM Arguments:
jvm_args: -Dfile.encoding=UTF-8 -XX:+ShowCodeDetailsInExceptionMessages 
java_command: com.ecart.configserver.ConfigserverApplication
java_class_path (initial): C:\Users\DELL\git\ecart-dev\configserver\target\classes;C:\Users\DELL\.m2\repository\org\springframework\boot\spring-boot-starter-actuator\3.3.4\spring-boot-starter-actuator-3.3.4.jar;C:\Users\DELL\.m2\repository\org\springframework\boot\spring-boot-starter\3.3.4\spring-boot-starter-3.3.4.jar;C:\Users\DELL\.m2\repository\org\springframework\boot\spring-boot\3.3.4\spring-boot-3.3.4.jar;C:\Users\DELL\.m2\repository\org\springframework\spring-context\6.1.13\spring-context-6.1.13.jar;C:\Users\DELL\.m2\repository\org\springframework\boot\spring-boot-autoconfigure\3.3.4\spring-boot-autoconfigure-3.3.4.jar;C:\Users\DELL\.m2\repository\org\springframework\boot\spring-boot-starter-logging\3.3.4\spring-boot-starter-logging-3.3.4.jar;C:\Users\DELL\.m2\repository\ch\qos\logback\logback-classic\1.5.8\logback-classic-1.5.8.jar;C:\Users\DELL\.m2\repository\ch\qos\logback\logback-core\1.5.8\logback-core-1.5.8.jar;C:\Users\DELL\.m2\repository\org\apache\logging\log4j\log4j-to-slf4j\2.23.1\log4j-to-slf4j-2.23.1.jar;C:\Users\DELL\.m2\repository\org\apache\logging\log4j\log4j-api\2.23.1\log4j-api-2.23.1.jar;C:\Users\DELL\.m2\repository\org\slf4j\jul-to-slf4j\2.0.16\jul-to-slf4j-2.0.16.jar;C:\Users\DELL\.m2\repository\jakarta\annotation\jakarta.annotation-api\2.1.1\jakarta.annotation-api-2.1.1.jar;C:\Users\DELL\.m2\repository\org\springframework\boot\spring-boot-actuator-autoconfigure\3.3.4\spring-boot-actuator-autoconfigure-3.3.4.jar;C:\Users\DELL\.m2\repository\org\springframework\boot\spring-boot-actuator\3.3.4\spring-boot-actuator-3.3.4.jar;C:\Users\DELL\.m2\repository\com\fasterxml\jackson\core\jackson-databind\2.17.2\jackson-databind-2.17.2.jar;C:\Users\DELL\.m2\repository\com\fasterxml\jackson\datatype\jackson-datatype-jsr310\2.17.2\jackson-datatype-jsr310-2.17.2.jar;C:\Users\DELL\.m2\repository\io\micrometer\micrometer-observation\1.13.4\micrometer-observation-1.13.4.jar;C:\Users\DELL\.m2\repository\io\micrometer\micrometer-commons\1.13.4\micrometer-
Launcher Type: SUN_STANDARD

[Global flags]
     intx CICompilerCount                          = 4                                         {product} {ergonomic}
     uint ConcGCThreads                            = 2                                         {product} {ergonomic}
     uint G1ConcRefinementThreads                  = 8                                         {product} {ergonomic}
   size_t G1HeapRegionSize                         = 1048576                                   {product} {ergonomic}
    uintx GCDrainStackTargetSize                   = 64                                        {product} {ergonomic}
   size_t InitialHeapSize                          = 132120576                                 {product} {ergonomic}
   size_t MarkStackSize                            = 4194304                                   {product} {ergonomic}
   size_t MaxHeapSize                              = 2111832064                                {product} {ergonomic}
   size_t MinHeapDeltaBytes                        = 1048576                                   {product} {ergonomic}
   size_t MinHeapSize                              = 8388608                                   {product} {ergonomic}
    uintx NonNMethodCodeHeapSize                   = 5839372                                {pd product} {ergonomic}
    uintx NonProfiledCodeHeapSize                  = 122909434                              {pd product} {ergonomic}
    uintx ProfiledCodeHeapSize                     = 122909434                              {pd product} {ergonomic}
    uintx ReservedCodeCacheSize                    = 251658240                              {pd product} {ergonomic}
     bool SegmentedCodeCache                       = true                                      {product} {ergonomic}
     bool ShowCodeDetailsInExceptionMessages       = true                                   {manageable} {command line}
   size_t SoftMaxHeapSize                          = 2111832064                             {manageable} {ergonomic}
     bool UseCompressedClassPointers               = true                           {product lp64_product} {ergonomic}
     bool UseCompressedOops                        = true                           {product lp64_product} {ergonomic}
     bool UseG1GC                                  = true                                      {product} {ergonomic}
     bool UseLargePagesIndividualAllocation        = false                                  {pd product} {ergonomic}

Logging:
Log output configuration:
 #0: stdout all=warning uptime,level,tags
 #1: stderr all=off uptime,level,tags

Environment Variables:
JAVA_HOME=C:\Program Files\Java\jdk-17.0.3.1
CLASSPATH=c:\MyJava\sqlite-jdbc-3.7.2
PATH=C:/Program Files/Java/jdk-17.0.3.1/bin/server;C:/Program Files/Java/jdk-17.0.3.1/bin;C:\Program Files\Java\jdk-17.0.3.1\bin;C:\Program Files\Common Files\Oracle\Java\javapath;D:\app\oracle\product\11.2.0\server\bin;C:\WINDOWS\system32;C:\WINDOWS;C:\WINDOWS\System32\Wbem;C:\Users\DELL\Downloads\kafka\bin\windows;C:\WINDOWS\System32\WindowsPowerShell\v1.0\;C:\WINDOWS\System32\OpenSSH\;C:\Program Files (x86)\MySQL\MySQL Server 5.5\bin;C:\Users\DELL\AppData\Roaming\npm\node_modules\npm\node_modules\@angular\cli\bin;C:\Program Files\dotnet\;C:\Users\DELL\AppData\Roaming\npm;C:\Program Files\PuTTY\;C:\apache-tomcat-9.0.70\bin;C:\Program Files\nodejs\;C:\Program Files\Docker\Docker\resources\bin;C:\ProgramData\chocolatey\bin;C:\Program Files\Git\cmd;C:\Program Files\Java\jdk-17.0.3.1\bin;C:\Program Files\Kubernetes\Minikube;C:\WINDOWS\System32\WindowsPowerShell\v1.0\;C:\Program Files\Java\jdk1.7.0_45\bin;D:\brackets\;D:\Microsoft VS Code\bin;C:\Users\DELL\AppData\Roaming\npm \node_modules@angular\cli\bin;C:\Users\DELL\AppData\Roaming\npm;C:\Users\DELL\AppData\Local\Microsoft\WindowsApps;C:\Program Files\Apache Software Foundation\apache-maven-3.9.4\bin;;C:\Program Files\JetBrains\IntelliJ IDEA 2024.2.2\bin;;C:\Users\DELL\eclipse\jee-2022-09\eclipse;
USERNAME=DELL
OS=Windows_NT
PROCESSOR_IDENTIFIER=Intel64 Family 6 Model 142 Stepping 12, GenuineIntel



---------------  S Y S T E M  ---------------

OS:
 Windows 11 , 64 bit Build 22621 (10.0.22621.3958)
OS uptime: 11 days 19:14 hours
Hyper-V role detected

CPU: total 8 (initial active 8) (4 cores per cpu, 2 threads per core) family 6 model 142 stepping 12 microcode 0xf8, cx8, cmov, fxsr, ht, mmx, 3dnowpref, sse, sse2, sse3, ssse3, sse4.1, sse4.2, popcnt, lzcnt, tsc, tscinvbit, avx, avx2, aes, erms, clmul, bmi1, bmi2, adx, fma, vzeroupper, clflush, clflushopt, hv

Memory: 4k page, system-wide physical 8050M (317M free)
TotalPageFile size 32626M (AvailPageFile size 111M)
current process WorkingSet (physical memory assigned to process): 11M, peak: 11M
current process commit charge ("private bytes"): 60M, peak: 186M

vm_info: Java HotSpot(TM) 64-Bit Server VM (17.0.3.1+2-LTS-6) for windows-amd64 JRE (17.0.3.1+2-LTS-6), built on Apr 25 2022 22:04:21 by "mach5one" with MS VC++ 16.8 / 16.9 (VS2019)

END.
