#
# There is insufficient memory for the Java Runtime Environment to continue.
# Native memory allocation (malloc) failed to allocate 234816 bytes for Chunk::new
# Possible reasons:
#   The system is out of physical RAM or swap space
#   The process is running with CompressedOops enabled, and the Java Heap may be blocking the growth of the native heap
# Possible solutions:
#   Reduce memory load on the system
#   Increase physical memory or swap space
#   Check if swap backing store is full
#   Decrease Java heap size (-Xmx/-Xms)
#   Decrease number of Java threads
#   Decrease Java thread stack sizes (-Xss)
#   Set larger code cache with -XX:ReservedCodeCacheSize=
#   JVM is running with Unscaled Compressed Oops mode in which the Java heap is
#     placed in the first 4GB address space. The Java Heap base address is the
#     maximum limit for the native heap growth. Please use -XX:HeapBaseMinAddress
#     to set the Java Heap base and to place the Java Heap above 4GB virtual address.
# This output file may be truncated or incomplete.
#
#  Out of Memory Error (arena.cpp:189), pid=27460, tid=8412
#
# JRE version: Java(TM) SE Runtime Environment (17.0.3.1+2) (build 17.0.3.1+2-LTS-6)
# Java VM: Java HotSpot(TM) 64-Bit Server VM (17.0.3.1+2-LTS-6, mixed mode, sharing, tiered, compressed oops, compressed class ptrs, g1 gc, windows-amd64)
# No core dump will be written. Minidumps are not enabled by default on client versions of Windows
#

---------------  S U M M A R Y ------------

Command Line: -Dfile.encoding=UTF-8 -XX:+ShowCodeDetailsInExceptionMessages com.ecart.products.ProductsApplication

Host: Intel(R) Core(TM) i5-8265U CPU @ 1.60GHz, 8 cores, 7G,  Windows 11 , 64 bit Build 22621 (10.0.22621.3958)
Time: Sat Oct  5 16:19:09 2024 India Standard Time elapsed time: 1270.939028 seconds (0d 0h 21m 10s)

---------------  T H R E A D  ---------------

Current thread (0x00000233b4990e60):  JavaThread "C2 CompilerThread0" daemon [_thread_in_native, id=8412, stack(0x0000006421100000,0x0000006421200000)]


Current CompileTask:
C2:1270939 6838   !   4       jdk.internal.loader.BuiltinClassLoader::findMiscResource (122 bytes)

Stack: [0x0000006421100000,0x0000006421200000]
Native frames: (J=compiled Java code, j=interpreted, Vv=VM code, C=native code)
V  [jvm.dll+0x6711ba]
V  [jvm.dll+0x7d0834]
V  [jvm.dll+0x7d1fde]
V  [jvm.dll+0x7d2643]
V  [jvm.dll+0x242c85]
V  [jvm.dll+0xaa57b]
V  [jvm.dll+0xaab0c]
V  [jvm.dll+0x2a99df]
V  [jvm.dll+0x579889]
V  [jvm.dll+0x21defd]
V  [jvm.dll+0x21741f]
V  [jvm.dll+0x21507b]
V  [jvm.dll+0x1a1c3d]
V  [jvm.dll+0x2249c8]
V  [jvm.dll+0x222b2c]
V  [jvm.dll+0x78650b]
V  [jvm.dll+0x780aca]
V  [jvm.dll+0x670045]
C  [ucrtbase.dll+0x29333]
C  [KERNEL32.DLL+0x1257d]
C  [ntdll.dll+0x5af28]


---------------  P R O C E S S  ---------------

Threads class SMR info:
_java_thread_list=0x00000233b9b23e40, length=31, elements={
0x00000233b4975250, 0x00000233b4976660, 0x00000233b4988370, 0x00000233b4989c40,
0x00000233b498aca0, 0x00000233b498bd00, 0x00000233b4990e60, 0x00000233b4991fb0,
0x00000233b4999ce0, 0x00000233b54cec70, 0x00000233b54e4fc0, 0x00000233b816c3a0,
0x00000233b816e550, 0x00000233b816c870, 0x00000233b816cd40, 0x00000233b816ea20,
0x00000233b816bed0, 0x00000233b5d953a0, 0x00000233b5d95d40, 0x00000233b5d96210,
0x00000233b5d96bb0, 0x00000233b5d92380, 0x00000233b5d97ef0, 0x00000233b5d983c0,
0x00000233b5d98d60, 0x00000233b5d97550, 0x00000233b5d966e0, 0x00000233b5d94530,
0x00000233b5d91eb0, 0x00000233b5d98890, 0x00000233b5d97080
}

Java Threads: ( => current thread )
  0x00000233b4975250 JavaThread "Reference Handler" daemon [_thread_blocked, id=17052, stack(0x0000006420b00000,0x0000006420c00000)]
  0x00000233b4976660 JavaThread "Finalizer" daemon [_thread_blocked, id=18144, stack(0x0000006420c00000,0x0000006420d00000)]
  0x00000233b4988370 JavaThread "Signal Dispatcher" daemon [_thread_blocked, id=4200, stack(0x0000006420d00000,0x0000006420e00000)]
  0x00000233b4989c40 JavaThread "Attach Listener" daemon [_thread_blocked, id=16824, stack(0x0000006420e00000,0x0000006420f00000)]
  0x00000233b498aca0 JavaThread "Service Thread" daemon [_thread_blocked, id=31324, stack(0x0000006420f00000,0x0000006421000000)]
  0x00000233b498bd00 JavaThread "Monitor Deflation Thread" daemon [_thread_blocked, id=3932, stack(0x0000006421000000,0x0000006421100000)]
=>0x00000233b4990e60 JavaThread "C2 CompilerThread0" daemon [_thread_in_native, id=8412, stack(0x0000006421100000,0x0000006421200000)]
  0x00000233b4991fb0 JavaThread "C1 CompilerThread0" daemon [_thread_blocked, id=30436, stack(0x0000006421200000,0x0000006421300000)]
  0x00000233b4999ce0 JavaThread "Sweeper thread" daemon [_thread_blocked, id=16132, stack(0x0000006421300000,0x0000006421400000)]
  0x00000233b54cec70 JavaThread "Notification Thread" daemon [_thread_blocked, id=10940, stack(0x0000006421400000,0x0000006421500000)]
  0x00000233b54e4fc0 JavaThread "Common-Cleaner" daemon [_thread_blocked, id=3876, stack(0x0000006421600000,0x0000006421700000)]
  0x00000233b816c3a0 JavaThread "Catalina-utility-1" [_thread_blocked, id=15808, stack(0x0000006422400000,0x0000006422500000)]
  0x00000233b816e550 JavaThread "Catalina-utility-2" [_thread_blocked, id=37328, stack(0x0000006422500000,0x0000006422600000)]
  0x00000233b816c870 JavaThread "container-0" [_thread_blocked, id=14208, stack(0x0000006422600000,0x0000006422700000)]
  0x00000233b816cd40 JavaThread "mysql-cj-abandoned-connection-cleanup" daemon [_thread_blocked, id=16716, stack(0x0000006422700000,0x0000006422800000)]
  0x00000233b816ea20 JavaThread "HikariPool-1 housekeeper" daemon [_thread_blocked, id=16264, stack(0x0000006422800000,0x0000006422900000)]
  0x00000233b816bed0 JavaThread "File Watcher" daemon [_thread_blocked, id=17888, stack(0x0000006422200000,0x0000006422300000)]
  0x00000233b5d953a0 JavaThread "spring.cloud.inetutils" daemon [_thread_blocked, id=24064, stack(0x0000006422a00000,0x0000006422b00000)]
  0x00000233b5d95d40 JavaThread "http-nio-8090-exec-1" daemon [_thread_blocked, id=20632, stack(0x0000006422b00000,0x0000006422c00000)]
  0x00000233b5d96210 JavaThread "http-nio-8090-exec-2" daemon [_thread_blocked, id=16724, stack(0x0000006422c00000,0x0000006422d00000)]
  0x00000233b5d96bb0 JavaThread "http-nio-8090-exec-3" daemon [_thread_blocked, id=14240, stack(0x0000006422d00000,0x0000006422e00000)]
  0x00000233b5d92380 JavaThread "http-nio-8090-exec-4" daemon [_thread_blocked, id=20964, stack(0x0000006422e00000,0x0000006422f00000)]
  0x00000233b5d97ef0 JavaThread "http-nio-8090-exec-5" daemon [_thread_blocked, id=28268, stack(0x0000006422f00000,0x0000006423000000)]
  0x00000233b5d983c0 JavaThread "http-nio-8090-exec-6" daemon [_thread_blocked, id=28468, stack(0x0000006423000000,0x0000006423100000)]
  0x00000233b5d98d60 JavaThread "http-nio-8090-exec-7" daemon [_thread_blocked, id=21340, stack(0x0000006423100000,0x0000006423200000)]
  0x00000233b5d97550 JavaThread "http-nio-8090-exec-8" daemon [_thread_blocked, id=25620, stack(0x0000006423200000,0x0000006423300000)]
  0x00000233b5d966e0 JavaThread "http-nio-8090-exec-9" daemon [_thread_blocked, id=19908, stack(0x0000006423300000,0x0000006423400000)]
  0x00000233b5d94530 JavaThread "http-nio-8090-exec-10" daemon [_thread_blocked, id=17108, stack(0x0000006423400000,0x0000006423500000)]
  0x00000233b5d91eb0 JavaThread "http-nio-8090-Poller" daemon [_thread_in_native, id=2272, stack(0x0000006423500000,0x0000006423600000)]
  0x00000233b5d98890 JavaThread "http-nio-8090-Acceptor" daemon [_thread_in_native, id=3956, stack(0x0000006423600000,0x0000006423700000)]
  0x00000233b5d97080 JavaThread "DestroyJavaVM" [_thread_blocked, id=17456, stack(0x0000006420400000,0x0000006420500000)]

Other Threads:
  0x00000233b4970bc0 VMThread "VM Thread" [stack: 0x0000006420a00000,0x0000006420b00000] [id=28568]
  0x00000233b54d3160 WatcherThread [stack: 0x0000006421500000,0x0000006421600000] [id=2804]
  0x000002339696c170 GCTaskThread "GC Thread#0" [stack: 0x0000006420500000,0x0000006420600000] [id=18388]
  0x00000233b5ebc3e0 GCTaskThread "GC Thread#1" [stack: 0x0000006421a00000,0x0000006421b00000] [id=28712]
  0x00000233b5ebc690 GCTaskThread "GC Thread#2" [stack: 0x0000006421b00000,0x0000006421c00000] [id=10928]
  0x00000233b5fdbb60 GCTaskThread "GC Thread#3" [stack: 0x0000006421c00000,0x0000006421d00000] [id=39504]
  0x00000233b5fd73f0 GCTaskThread "GC Thread#4" [stack: 0x0000006421d00000,0x0000006421e00000] [id=36308]
  0x00000233b5fd76a0 GCTaskThread "GC Thread#5" [stack: 0x0000006421e00000,0x0000006421f00000] [id=14256]
  0x00000233b6fdee80 GCTaskThread "GC Thread#6" [stack: 0x0000006421f00000,0x0000006422000000] [id=26320]
  0x00000233b66acce0 GCTaskThread "GC Thread#7" [stack: 0x0000006422000000,0x0000006422100000] [id=38884]
  0x000002339697cb70 ConcurrentGCThread "G1 Main Marker" [stack: 0x0000006420600000,0x0000006420700000] [id=24824]
  0x000002339697ec30 ConcurrentGCThread "G1 Conc#0" [stack: 0x0000006420700000,0x0000006420800000] [id=16208]
  0x00000233b7ebdde0 ConcurrentGCThread "G1 Conc#1" [stack: 0x0000006422300000,0x0000006422400000] [id=6132]
  0x00000233b482a500 ConcurrentGCThread "G1 Refine#0" [stack: 0x0000006420800000,0x0000006420900000] [id=7296]
  0x00000233b482ad30 ConcurrentGCThread "G1 Service" [stack: 0x0000006420900000,0x0000006420a00000] [id=15592]

Threads with active compile tasks:
C2 CompilerThread0  1270986 6838   !   4       jdk.internal.loader.BuiltinClassLoader::findMiscResource (122 bytes)

VM state: not at safepoint (normal execution)

VM Mutex/Monitor currently owned by a thread: None

Heap address: 0x0000000082200000, size: 2014 MB, Compressed Oops mode: 32-bit

CDS archive(s) mapped at: [0x0000000800000000-0x0000000800bc0000-0x0000000800bc0000), size 12320768, SharedBaseAddress: 0x0000000800000000, ArchiveRelocationMode: 0.
Compressed class space mapped at: 0x0000000800c00000-0x0000000840c00000, reserved size: 1073741824
Narrow klass base: 0x0000000800000000, Narrow klass shift: 0, Narrow klass range: 0x100000000

GC Precious Log:
 CPUs: 8 total, 8 available
 Memory: 8050M
 Large Page Support: Disabled
 NUMA Support: Disabled
 Compressed Oops: Enabled (32-bit)
 Heap Region Size: 1M
 Heap Min Capacity: 8M
 Heap Initial Capacity: 126M
 Heap Max Capacity: 2014M
 Pre-touch: Disabled
 Parallel Workers: 8
 Concurrent Workers: 2
 Concurrent Refinement Workers: 8
 Periodic GC: Disabled

Heap:
 garbage-first heap   total 82944K, used 47630K [0x0000000082200000, 0x0000000100000000)
  region size 1024K, 10 young (10240K), 1 survivors (1024K)
 Metaspace       used 72286K, committed 72896K, reserved 1114112K
  class space    used 9780K, committed 10048K, reserved 1048576K

Heap Regions: E=young(eden), S=young(survivor), O=old, HS=humongous(starts), HC=humongous(continues), CS=collection set, F=free, OA=open archive, CA=closed archive, TAMS=top-at-mark-start (previous, next)
|   0|0x0000000082200000, 0x0000000082300000, 0x0000000082300000|100%|HS|  |TAMS 0x0000000082300000, 0x0000000082200000| Complete 
|   1|0x0000000082300000, 0x0000000082400000, 0x0000000082400000|100%| O|  |TAMS 0x0000000082400000, 0x0000000082300000| Untracked 
|   2|0x0000000082400000, 0x0000000082500000, 0x0000000082500000|100%| O|  |TAMS 0x0000000082500000, 0x0000000082400000| Untracked 
|   3|0x0000000082500000, 0x0000000082600000, 0x0000000082600000|100%| O|  |TAMS 0x0000000082600000, 0x0000000082500000| Untracked 
|   4|0x0000000082600000, 0x0000000082700000, 0x0000000082700000|100%| O|  |TAMS 0x0000000082700000, 0x0000000082600000| Untracked 
|   5|0x0000000082700000, 0x0000000082800000, 0x0000000082800000|100%| O|  |TAMS 0x0000000082800000, 0x0000000082700000| Untracked 
|   6|0x0000000082800000, 0x0000000082900000, 0x0000000082900000|100%| O|  |TAMS 0x0000000082900000, 0x0000000082800000| Untracked 
|   7|0x0000000082900000, 0x0000000082a00000, 0x0000000082a00000|100%| O|  |TAMS 0x0000000082a00000, 0x0000000082900000| Untracked 
|   8|0x0000000082a00000, 0x0000000082b00000, 0x0000000082b00000|100%| O|  |TAMS 0x0000000082b00000, 0x0000000082a00000| Untracked 
|   9|0x0000000082b00000, 0x0000000082c00000, 0x0000000082c00000|100%| O|  |TAMS 0x0000000082c00000, 0x0000000082b00000| Untracked 
|  10|0x0000000082c00000, 0x0000000082d00000, 0x0000000082d00000|100%| O|  |TAMS 0x0000000082d00000, 0x0000000082c00000| Untracked 
|  11|0x0000000082d00000, 0x0000000082e00000, 0x0000000082e00000|100%| O|  |TAMS 0x0000000082e00000, 0x0000000082d00000| Untracked 
|  12|0x0000000082e00000, 0x0000000082f00000, 0x0000000082f00000|100%| O|  |TAMS 0x0000000082f00000, 0x0000000082e00000| Untracked 
|  13|0x0000000082f00000, 0x0000000083000000, 0x0000000083000000|100%| O|  |TAMS 0x0000000083000000, 0x0000000082f00000| Untracked 
|  14|0x0000000083000000, 0x0000000083100000, 0x0000000083100000|100%| O|  |TAMS 0x0000000083100000, 0x0000000083000000| Untracked 
|  15|0x0000000083100000, 0x0000000083200000, 0x0000000083200000|100%| O|  |TAMS 0x0000000083100000, 0x0000000083100000| Untracked 
|  16|0x0000000083200000, 0x0000000083200000, 0x0000000083300000|  0%| F|  |TAMS 0x0000000083200000, 0x0000000083200000| Untracked 
|  17|0x0000000083300000, 0x0000000083400000, 0x0000000083400000|100%| O|  |TAMS 0x0000000083400000, 0x0000000083300000| Untracked 
|  18|0x0000000083400000, 0x0000000083500000, 0x0000000083500000|100%| O|  |TAMS 0x0000000083500000, 0x0000000083400000| Untracked 
|  19|0x0000000083500000, 0x0000000083500000, 0x0000000083600000|  0%| F|  |TAMS 0x0000000083500000, 0x0000000083500000| Untracked 
|  20|0x0000000083600000, 0x0000000083700000, 0x0000000083700000|100%| O|  |TAMS 0x0000000083700000, 0x0000000083600000| Untracked 
|  21|0x0000000083700000, 0x0000000083800000, 0x0000000083800000|100%| O|  |TAMS 0x0000000083800000, 0x0000000083700000| Untracked 
|  22|0x0000000083800000, 0x0000000083900000, 0x0000000083900000|100%| O|  |TAMS 0x0000000083900000, 0x0000000083800000| Untracked 
|  23|0x0000000083900000, 0x0000000083a00000, 0x0000000083a00000|100%| O|  |TAMS 0x0000000083a00000, 0x0000000083900000| Untracked 
|  24|0x0000000083a00000, 0x0000000083b00000, 0x0000000083b00000|100%| O|  |TAMS 0x0000000083b00000, 0x0000000083a00000| Untracked 
|  25|0x0000000083b00000, 0x0000000083c00000, 0x0000000083c00000|100%| O|  |TAMS 0x0000000083c00000, 0x0000000083b00000| Untracked 
|  26|0x0000000083c00000, 0x0000000083d00000, 0x0000000083d00000|100%| O|  |TAMS 0x0000000083d00000, 0x0000000083c00000| Untracked 
|  27|0x0000000083d00000, 0x0000000083e00000, 0x0000000083e00000|100%| O|  |TAMS 0x0000000083e00000, 0x0000000083d00000| Untracked 
|  28|0x0000000083e00000, 0x0000000083f00000, 0x0000000083f00000|100%| O|  |TAMS 0x0000000083f00000, 0x0000000083e00000| Untracked 
|  29|0x0000000083f00000, 0x0000000084000000, 0x0000000084000000|100%| O|  |TAMS 0x0000000084000000, 0x0000000083f00000| Untracked 
|  30|0x0000000084000000, 0x0000000084100000, 0x0000000084100000|100%| O|  |TAMS 0x0000000084100000, 0x0000000084000000| Untracked 
|  31|0x0000000084100000, 0x0000000084200000, 0x0000000084200000|100%| O|  |TAMS 0x0000000084200000, 0x0000000084100000| Untracked 
|  32|0x0000000084200000, 0x0000000084300000, 0x0000000084300000|100%| O|  |TAMS 0x0000000084300000, 0x0000000084200000| Untracked 
|  33|0x0000000084300000, 0x0000000084400000, 0x0000000084400000|100%| O|  |TAMS 0x0000000084400000, 0x0000000084300000| Untracked 
|  34|0x0000000084400000, 0x0000000084500000, 0x0000000084500000|100%| O|  |TAMS 0x0000000084500000, 0x0000000084400000| Untracked 
|  35|0x0000000084500000, 0x0000000084600000, 0x0000000084600000|100%| O|  |TAMS 0x0000000084600000, 0x0000000084500000| Untracked 
|  36|0x0000000084600000, 0x0000000084700000, 0x0000000084700000|100%| O|  |TAMS 0x0000000084700000, 0x0000000084600000| Untracked 
|  37|0x0000000084700000, 0x0000000084800000, 0x0000000084800000|100%| O|  |TAMS 0x00000000847e8400, 0x0000000084700000| Untracked 
|  38|0x0000000084800000, 0x0000000084900000, 0x0000000084900000|100%| O|  |TAMS 0x0000000084800000, 0x0000000084800000| Untracked 
|  39|0x0000000084900000, 0x0000000084a00000, 0x0000000084a00000|100%| O|  |TAMS 0x0000000084900000, 0x0000000084900000| Untracked 
|  40|0x0000000084a00000, 0x0000000084a4fe00, 0x0000000084b00000| 31%| O|  |TAMS 0x0000000084a00000, 0x0000000084a00000| Untracked 
|  41|0x0000000084b00000, 0x0000000084b00000, 0x0000000084c00000|  0%| F|  |TAMS 0x0000000084b00000, 0x0000000084b00000| Untracked 
|  42|0x0000000084c00000, 0x0000000084c00000, 0x0000000084d00000|  0%| F|  |TAMS 0x0000000084c00000, 0x0000000084c00000| Untracked 
|  43|0x0000000084d00000, 0x0000000084d00000, 0x0000000084e00000|  0%| F|  |TAMS 0x0000000084d00000, 0x0000000084d00000| Untracked 
|  44|0x0000000084e00000, 0x0000000084e00000, 0x0000000084f00000|  0%| F|  |TAMS 0x0000000084e00000, 0x0000000084e00000| Untracked 
|  45|0x0000000084f00000, 0x0000000084f00000, 0x0000000085000000|  0%| F|  |TAMS 0x0000000084f00000, 0x0000000084f00000| Untracked 
|  46|0x0000000085000000, 0x0000000085000000, 0x0000000085100000|  0%| F|  |TAMS 0x0000000085000000, 0x0000000085000000| Untracked 
|  47|0x0000000085100000, 0x0000000085100000, 0x0000000085200000|  0%| F|  |TAMS 0x0000000085100000, 0x0000000085100000| Untracked 
|  48|0x0000000085200000, 0x0000000085200000, 0x0000000085300000|  0%| F|  |TAMS 0x0000000085200000, 0x0000000085200000| Untracked 
|  49|0x0000000085300000, 0x0000000085300000, 0x0000000085400000|  0%| F|  |TAMS 0x0000000085300000, 0x0000000085300000| Untracked 
|  50|0x0000000085400000, 0x0000000085400000, 0x0000000085500000|  0%| F|  |TAMS 0x0000000085400000, 0x0000000085400000| Untracked 
|  51|0x0000000085500000, 0x0000000085500000, 0x0000000085600000|  0%| F|  |TAMS 0x0000000085500000, 0x0000000085500000| Untracked 
|  52|0x0000000085600000, 0x0000000085600000, 0x0000000085700000|  0%| F|  |TAMS 0x0000000085600000, 0x0000000085600000| Untracked 
|  53|0x0000000085700000, 0x0000000085700000, 0x0000000085800000|  0%| F|  |TAMS 0x0000000085700000, 0x0000000085700000| Untracked 
|  54|0x0000000085800000, 0x0000000085800000, 0x0000000085900000|  0%| F|  |TAMS 0x0000000085800000, 0x0000000085800000| Untracked 
|  55|0x0000000085900000, 0x0000000085900000, 0x0000000085a00000|  0%| F|  |TAMS 0x0000000085900000, 0x0000000085900000| Untracked 
|  56|0x0000000085a00000, 0x0000000085a00000, 0x0000000085b00000|  0%| F|  |TAMS 0x0000000085a00000, 0x0000000085a00000| Untracked 
|  57|0x0000000085b00000, 0x0000000085b00000, 0x0000000085c00000|  0%| F|  |TAMS 0x0000000085b00000, 0x0000000085b00000| Untracked 
|  58|0x0000000085c00000, 0x0000000085c00000, 0x0000000085d00000|  0%| F|  |TAMS 0x0000000085c00000, 0x0000000085c00000| Untracked 
|  59|0x0000000085d00000, 0x0000000085d00000, 0x0000000085e00000|  0%| F|  |TAMS 0x0000000085d00000, 0x0000000085d00000| Untracked 
|  60|0x0000000085e00000, 0x0000000085e00000, 0x0000000085f00000|  0%| F|  |TAMS 0x0000000085e00000, 0x0000000085e00000| Untracked 
|  61|0x0000000085f00000, 0x0000000085f00000, 0x0000000086000000|  0%| F|  |TAMS 0x0000000085f00000, 0x0000000085f00000| Untracked 
|  62|0x0000000086000000, 0x0000000086000000, 0x0000000086100000|  0%| F|  |TAMS 0x0000000086000000, 0x0000000086000000| Untracked 
|  63|0x0000000086100000, 0x0000000086100000, 0x0000000086200000|  0%| F|  |TAMS 0x0000000086100000, 0x0000000086100000| Untracked 
|  64|0x0000000086200000, 0x0000000086200000, 0x0000000086300000|  0%| F|  |TAMS 0x0000000086200000, 0x0000000086200000| Untracked 
|  65|0x0000000086300000, 0x0000000086300000, 0x0000000086400000|  0%| F|  |TAMS 0x0000000086300000, 0x0000000086300000| Untracked 
|  66|0x0000000086400000, 0x0000000086400000, 0x0000000086500000|  0%| F|  |TAMS 0x0000000086400000, 0x0000000086400000| Untracked 
|  67|0x0000000086500000, 0x0000000086500000, 0x0000000086600000|  0%| F|  |TAMS 0x0000000086500000, 0x0000000086500000| Untracked 
|  68|0x0000000086600000, 0x0000000086600000, 0x0000000086700000|  0%| F|  |TAMS 0x0000000086600000, 0x0000000086600000| Untracked 
|  69|0x0000000086700000, 0x0000000086700000, 0x0000000086800000|  0%| F|  |TAMS 0x0000000086700000, 0x0000000086700000| Untracked 
|  70|0x0000000086800000, 0x0000000086800000, 0x0000000086900000|  0%| F|  |TAMS 0x0000000086800000, 0x0000000086800000| Untracked 
|  71|0x0000000086900000, 0x00000000869ac380, 0x0000000086a00000| 67%| E|  |TAMS 0x0000000086900000, 0x0000000086900000| Complete 
|  72|0x0000000086a00000, 0x0000000086b00000, 0x0000000086b00000|100%| E|CS|TAMS 0x0000000086a00000, 0x0000000086a00000| Complete 
|  73|0x0000000086b00000, 0x0000000086c00000, 0x0000000086c00000|100%| E|CS|TAMS 0x0000000086b00000, 0x0000000086b00000| Complete 
|  74|0x0000000086c00000, 0x0000000086d00000, 0x0000000086d00000|100%| E|CS|TAMS 0x0000000086c00000, 0x0000000086c00000| Complete 
|  75|0x0000000086d00000, 0x0000000086e00000, 0x0000000086e00000|100%| E|CS|TAMS 0x0000000086d00000, 0x0000000086d00000| Complete 
|  76|0x0000000086e00000, 0x0000000086f00000, 0x0000000086f00000|100%| E|CS|TAMS 0x0000000086e00000, 0x0000000086e00000| Complete 
|  77|0x0000000086f00000, 0x0000000087000000, 0x0000000087000000|100%| E|CS|TAMS 0x0000000086f00000, 0x0000000086f00000| Complete 
|  78|0x0000000087000000, 0x0000000087100000, 0x0000000087100000|100%| E|CS|TAMS 0x0000000087000000, 0x0000000087000000| Complete 
| 124|0x0000000089e00000, 0x0000000089e33d40, 0x0000000089f00000| 20%| S|CS|TAMS 0x0000000089e00000, 0x0000000089e00000| Complete 
| 125|0x0000000089f00000, 0x000000008a000000, 0x000000008a000000|100%| E|CS|TAMS 0x0000000089f00000, 0x0000000089f00000| Complete 

Card table byte_map: [0x00000233ad890000,0x00000233adc80000] _byte_map_base: 0x00000233ad47f000

Marking Bits (Prev, Next): (CMBitMap*) 0x000002339696c680, (CMBitMap*) 0x000002339696c6c0
 Prev Bits: [0x00000233ae070000, 0x00000233affe8000)
 Next Bits: [0x00000233afff0000, 0x00000233b1f68000)

Polling page: 0x00000233960d0000

Metaspace:

Usage:
  Non-class:     61.04 MB used.
      Class:      9.55 MB used.
       Both:     70.59 MB used.

Virtual space:
  Non-class space:       64.00 MB reserved,      61.38 MB ( 96%) committed,  8 nodes.
      Class space:        1.00 GB reserved,       9.81 MB ( <1%) committed,  1 nodes.
             Both:        1.06 GB reserved,      71.19 MB (  7%) committed. 

Chunk freelists:
   Non-Class:  2.66 MB
       Class:  2.03 MB
        Both:  4.69 MB

MaxMetaspaceSize: unlimited
CompressedClassSpaceSize: 1.00 GB
Initial GC threshold: 21.00 MB
Current GC threshold: 115.75 MB
CDS: on
MetaspaceReclaimPolicy: balanced
 - commit_granule_bytes: 65536.
 - commit_granule_words: 8192.
 - virtual_space_node_default_size: 1048576.
 - enlarge_chunks_in_place: 1.
 - new_chunks_are_fully_committed: 0.
 - uncommit_free_chunks: 1.
 - use_allocation_guard: 0.
 - handle_deallocations: 1.


Internal statistics:

num_allocs_failed_limit: 6.
num_arena_births: 806.
num_arena_deaths: 0.
num_vsnodes_births: 9.
num_vsnodes_deaths: 0.
num_space_committed: 1139.
num_space_uncommitted: 0.
num_chunks_returned_to_freelist: 6.
num_chunks_taken_from_freelist: 3486.
num_chunk_merges: 3.
num_chunk_splits: 2528.
num_chunks_enlarged: 1977.
num_purges: 0.
num_inconsistent_stats: 0.

CodeHeap 'non-profiled nmethods': size=120000Kb used=3788Kb max_used=3788Kb free=116212Kb
 bounds [0x00000233a5c40000, 0x00000233a6000000, 0x00000233ad170000]
CodeHeap 'profiled nmethods': size=120000Kb used=11674Kb max_used=11674Kb free=108325Kb
 bounds [0x000002339e710000, 0x000002339f280000, 0x00000233a5c40000]
CodeHeap 'non-nmethods': size=5760Kb used=1350Kb max_used=1397Kb free=4409Kb
 bounds [0x000002339e170000, 0x000002339e3e0000, 0x000002339e710000]
 total_blobs=6692 nmethods=6006 adapters=596
 compilation: enabled
              stopped_count=0, restarted_count=0
 full_count=0

Compilation events (20 events):
Event: 1069.572 Thread 0x00000233b4991fb0 6829   !   3       org.apache.catalina.core.StandardContext::getLoader (38 bytes)
Event: 1069.573 Thread 0x00000233b4991fb0 nmethod 6829 0x000002339f275f10 code [0x000002339f276120, 0x000002339f276808]
Event: 1069.574 Thread 0x00000233b4990e60 nmethod 6828 0x00000233a5ff0710 code [0x00000233a5ff08a0, 0x00000233a5ff09b8]
Event: 1159.663 Thread 0x00000233b4991fb0 6830       3       java.lang.Thread::setContextClassLoader (28 bytes)
Event: 1159.665 Thread 0x00000233b4991fb0 nmethod 6830 0x000002339f276b10 code [0x000002339f276d20, 0x000002339f277358]
Event: 1169.669 Thread 0x00000233b4991fb0 6831       1       org.apache.catalina.loader.WebappLoader::getClassLoader (5 bytes)
Event: 1169.670 Thread 0x00000233b4991fb0 nmethod 6831 0x00000233a5ff0a90 code [0x00000233a5ff0c20, 0x00000233a5ff0cf8]
Event: 1178.796 Thread 0x00000233b4990e60 6832       4       java.util.concurrent.TimeUnit::toNanos (45 bytes)
Event: 1178.797 Thread 0x00000233b4990e60 nmethod 6832 0x00000233a5ff0d90 code [0x00000233a5ff0f00, 0x00000233a5ff0ff8]
Event: 1209.713 Thread 0x00000233b4991fb0 6833       1       org.apache.catalina.core.StandardContext::getInstanceManager (5 bytes)
Event: 1209.713 Thread 0x00000233b4991fb0 nmethod 6833 0x00000233a5ff1090 code [0x00000233a5ff1220, 0x00000233a5ff12f8]
Event: 1221.527 Thread 0x00000233b4990e60 6834       4       java.util.concurrent.ScheduledThreadPoolExecutor$ScheduledFutureTask::getDelay (16 bytes)
Event: 1221.529 Thread 0x00000233b4990e60 nmethod 6834 0x00000233a5ff1390 code [0x00000233a5ff1520, 0x00000233a5ff1698]
Event: 1229.738 Thread 0x00000233b4990e60 6835       4       java.util.concurrent.locks.AbstractQueuedSynchronizer$Node::getAndUnsetStatus (14 bytes)
Event: 1229.739 Thread 0x00000233b4990e60 nmethod 6835 0x00000233a5ff1810 code [0x00000233a5ff1980, 0x00000233a5ff1a38]
Event: 1245.862 Thread 0x00000233b4990e60 6836       4       jdk.internal.module.Resources::toPackageName (39 bytes)
Event: 1245.879 Thread 0x00000233b4990e60 nmethod 6836 0x00000233a5ff1b10 code [0x00000233a5ff1cc0, 0x00000233a5ff27f8]
Event: 1249.754 Thread 0x00000233b4991fb0 6837       1       org.apache.catalina.core.StandardContext::getThreadBindingListener (5 bytes)
Event: 1249.754 Thread 0x00000233b4991fb0 nmethod 6837 0x00000233a5ff2d10 code [0x00000233a5ff2ea0, 0x00000233a5ff2f78]
Event: 1270.921 Thread 0x00000233b4990e60 6838   !   4       jdk.internal.loader.BuiltinClassLoader::findMiscResource (122 bytes)

GC Heap History (20 events):
Event: 12.306 GC heap before
{Heap before GC invocations=22 (full 0):
 garbage-first heap   total 56320K, used 46013K [0x0000000082200000, 0x0000000100000000)
  region size 1024K, 17 young (17408K), 3 survivors (3072K)
 Metaspace       used 63814K, committed 64384K, reserved 1105920K
  class space    used 8652K, committed 8960K, reserved 1048576K
}
Event: 12.309 GC heap after
{Heap after GC invocations=23 (full 0):
 garbage-first heap   total 56320K, used 32665K [0x0000000082200000, 0x0000000100000000)
  region size 1024K, 3 young (3072K), 3 survivors (3072K)
 Metaspace       used 63814K, committed 64384K, reserved 1105920K
  class space    used 8652K, committed 8960K, reserved 1048576K
}
Event: 12.543 GC heap before
{Heap before GC invocations=24 (full 0):
 garbage-first heap   total 63488K, used 45977K [0x0000000082200000, 0x0000000100000000)
  region size 1024K, 16 young (16384K), 3 survivors (3072K)
 Metaspace       used 64595K, committed 65088K, reserved 1105920K
  class space    used 8763K, committed 9024K, reserved 1048576K
}
Event: 12.547 GC heap after
{Heap after GC invocations=25 (full 0):
 garbage-first heap   total 63488K, used 33648K [0x0000000082200000, 0x0000000100000000)
  region size 1024K, 2 young (2048K), 2 survivors (2048K)
 Metaspace       used 64595K, committed 65088K, reserved 1105920K
  class space    used 8763K, committed 9024K, reserved 1048576K
}
Event: 12.978 GC heap before
{Heap before GC invocations=25 (full 0):
 garbage-first heap   total 63488K, used 52080K [0x0000000082200000, 0x0000000100000000)
  region size 1024K, 20 young (20480K), 2 survivors (2048K)
 Metaspace       used 65569K, committed 66112K, reserved 1105920K
  class space    used 8891K, committed 9152K, reserved 1048576K
}
Event: 12.983 GC heap after
{Heap after GC invocations=26 (full 0):
 garbage-first heap   total 63488K, used 35154K [0x0000000082200000, 0x0000000100000000)
  region size 1024K, 3 young (3072K), 3 survivors (3072K)
 Metaspace       used 65569K, committed 66112K, reserved 1105920K
  class space    used 8891K, committed 9152K, reserved 1048576K
}
Event: 13.308 GC heap before
{Heap before GC invocations=27 (full 0):
 garbage-first heap   total 63488K, used 50514K [0x0000000082200000, 0x0000000100000000)
  region size 1024K, 19 young (19456K), 3 survivors (3072K)
 Metaspace       used 66857K, committed 67328K, reserved 1114112K
  class space    used 9055K, committed 9280K, reserved 1048576K
}
Event: 13.312 GC heap after
{Heap after GC invocations=28 (full 0):
 garbage-first heap   total 63488K, used 36129K [0x0000000082200000, 0x0000000100000000)
  region size 1024K, 3 young (3072K), 3 survivors (3072K)
 Metaspace       used 66857K, committed 67328K, reserved 1114112K
  class space    used 9055K, committed 9280K, reserved 1048576K
}
Event: 13.542 GC heap before
{Heap before GC invocations=28 (full 0):
 garbage-first heap   total 63488K, used 51489K [0x0000000082200000, 0x0000000100000000)
  region size 1024K, 18 young (18432K), 3 survivors (3072K)
 Metaspace       used 67343K, committed 67840K, reserved 1114112K
  class space    used 9125K, committed 9344K, reserved 1048576K
}
Event: 13.546 GC heap after
{Heap after GC invocations=29 (full 0):
 garbage-first heap   total 63488K, used 37025K [0x0000000082200000, 0x0000000100000000)
  region size 1024K, 2 young (2048K), 2 survivors (2048K)
 Metaspace       used 67343K, committed 67840K, reserved 1114112K
  class space    used 9125K, committed 9344K, reserved 1048576K
}
Event: 13.791 GC heap before
{Heap before GC invocations=30 (full 0):
 garbage-first heap   total 68608K, used 52385K [0x0000000082200000, 0x0000000100000000)
  region size 1024K, 17 young (17408K), 2 survivors (2048K)
 Metaspace       used 67962K, committed 68480K, reserved 1114112K
  class space    used 9223K, committed 9472K, reserved 1048576K
}
Event: 13.795 GC heap after
{Heap after GC invocations=31 (full 0):
 garbage-first heap   total 68608K, used 38383K [0x0000000082200000, 0x0000000100000000)
  region size 1024K, 3 young (3072K), 3 survivors (3072K)
 Metaspace       used 67962K, committed 68480K, reserved 1114112K
  class space    used 9223K, committed 9472K, reserved 1048576K
}
Event: 13.811 GC heap before
{Heap before GC invocations=31 (full 0):
 garbage-first heap   total 68608K, used 39407K [0x0000000082200000, 0x0000000100000000)
  region size 1024K, 4 young (4096K), 3 survivors (3072K)
 Metaspace       used 68243K, committed 68800K, reserved 1114112K
  class space    used 9255K, committed 9536K, reserved 1048576K
}
Event: 13.815 GC heap after
{Heap after GC invocations=32 (full 0):
 garbage-first heap   total 82944K, used 38205K [0x0000000082200000, 0x0000000100000000)
  region size 1024K, 1 young (1024K), 1 survivors (1024K)
 Metaspace       used 68243K, committed 68800K, reserved 1114112K
  class space    used 9255K, committed 9536K, reserved 1048576K
}
Event: 40.473 GC heap before
{Heap before GC invocations=32 (full 0):
 garbage-first heap   total 82944K, used 66877K [0x0000000082200000, 0x0000000100000000)
  region size 1024K, 29 young (29696K), 1 survivors (1024K)
 Metaspace       used 70476K, committed 71104K, reserved 1114112K
  class space    used 9566K, committed 9856K, reserved 1048576K
}
Event: 40.478 GC heap after
{Heap after GC invocations=33 (full 0):
 garbage-first heap   total 82944K, used 39771K [0x0000000082200000, 0x0000000100000000)
  region size 1024K, 2 young (2048K), 2 survivors (2048K)
 Metaspace       used 70476K, committed 71104K, reserved 1114112K
  class space    used 9566K, committed 9856K, reserved 1048576K
}
Event: 898.692 GC heap before
{Heap before GC invocations=34 (full 0):
 garbage-first heap   total 82944K, used 68443K [0x0000000082200000, 0x0000000100000000)
  region size 1024K, 30 young (30720K), 2 survivors (2048K)
 Metaspace       used 72270K, committed 72896K, reserved 1114112K
  class space    used 9780K, committed 10048K, reserved 1048576K
}
Event: 898.703 GC heap after
{Heap after GC invocations=35 (full 0):
 garbage-first heap   total 82944K, used 40324K [0x0000000082200000, 0x0000000100000000)
  region size 1024K, 3 young (3072K), 3 survivors (3072K)
 Metaspace       used 72270K, committed 72896K, reserved 1114112K
  class space    used 9780K, committed 10048K, reserved 1048576K
}
Event: 934.338 GC heap before
{Heap before GC invocations=35 (full 0):
 garbage-first heap   total 82944K, used 41348K [0x0000000082200000, 0x0000000100000000)
  region size 1024K, 4 young (4096K), 3 survivors (3072K)
 Metaspace       used 72270K, committed 72896K, reserved 1114112K
  class space    used 9780K, committed 10048K, reserved 1048576K
}
Event: 934.352 GC heap after
{Heap after GC invocations=36 (full 0):
 garbage-first heap   total 82944K, used 39438K [0x0000000082200000, 0x0000000100000000)
  region size 1024K, 1 young (1024K), 1 survivors (1024K)
 Metaspace       used 72270K, committed 72896K, reserved 1114112K
  class space    used 9780K, committed 10048K, reserved 1048576K
}

Deoptimization events (20 events):
Event: 683.464 Thread 0x00000233b5d95d40 Uncommon trap: trap_request=0xffffff54 fr.pc=0x00000233a5ec12fc relative=0x0000000000002c1c
Event: 683.464 Thread 0x00000233b5d95d40 Uncommon trap: reason=speculate_null_assert action=make_not_entrant pc=0x00000233a5ec12fc method=java.lang.invoke.MethodType$ConcurrentWeakInternSet.add(Ljava/lang/Object;)Ljava/lang/Object; @ 47 c2
Event: 683.464 Thread 0x00000233b5d95d40 DEOPT PACKING pc=0x00000233a5ec12fc sp=0x0000006422bfe030
Event: 683.464 Thread 0x00000233b5d95d40 DEOPT UNPACKING pc=0x000002339e1c23a3 sp=0x0000006422bfdfc8 mode 2
Event: 898.704 Thread 0x00000233b54cec70 Uncommon trap: trap_request=0xffffffc6 fr.pc=0x00000233a5fcd01c relative=0x0000000000000c5c
Event: 898.704 Thread 0x00000233b54cec70 Uncommon trap: reason=bimorphic_or_optimized_type_check action=maybe_recompile pc=0x00000233a5fcd01c method=java.util.AbstractCollection.containsAll(Ljava/util/Collection;)Z @ 1 c2
Event: 898.704 Thread 0x00000233b54cec70 DEOPT PACKING pc=0x00000233a5fcd01c sp=0x00000064214fef30
Event: 898.705 Thread 0x00000233b54cec70 DEOPT UNPACKING pc=0x000002339e1c23a3 sp=0x00000064214fef00 mode 2
Event: 898.705 Thread 0x00000233b54cec70 Uncommon trap: trap_request=0xffffffc6 fr.pc=0x00000233a5fcd01c relative=0x0000000000000c5c
Event: 898.705 Thread 0x00000233b54cec70 Uncommon trap: reason=bimorphic_or_optimized_type_check action=maybe_recompile pc=0x00000233a5fcd01c method=java.util.AbstractCollection.containsAll(Ljava/util/Collection;)Z @ 1 c2
Event: 898.705 Thread 0x00000233b54cec70 DEOPT PACKING pc=0x00000233a5fcd01c sp=0x00000064214ff090
Event: 898.705 Thread 0x00000233b54cec70 DEOPT UNPACKING pc=0x000002339e1c23a3 sp=0x00000064214ff060 mode 2
Event: 898.705 Thread 0x00000233b54cec70 Uncommon trap: trap_request=0xffffffc6 fr.pc=0x00000233a5fcd01c relative=0x0000000000000c5c
Event: 898.705 Thread 0x00000233b54cec70 Uncommon trap: reason=bimorphic_or_optimized_type_check action=maybe_recompile pc=0x00000233a5fcd01c method=java.util.AbstractCollection.containsAll(Ljava/util/Collection;)Z @ 1 c2
Event: 898.705 Thread 0x00000233b54cec70 DEOPT PACKING pc=0x00000233a5fcd01c sp=0x00000064214fef30
Event: 898.705 Thread 0x00000233b54cec70 DEOPT UNPACKING pc=0x000002339e1c23a3 sp=0x00000064214fef00 mode 2
Event: 898.705 Thread 0x00000233b54cec70 Uncommon trap: trap_request=0xffffffc6 fr.pc=0x00000233a5fcd01c relative=0x0000000000000c5c
Event: 898.705 Thread 0x00000233b54cec70 Uncommon trap: reason=bimorphic_or_optimized_type_check action=maybe_recompile pc=0x00000233a5fcd01c method=java.util.AbstractCollection.containsAll(Ljava/util/Collection;)Z @ 1 c2
Event: 898.705 Thread 0x00000233b54cec70 DEOPT PACKING pc=0x00000233a5fcd01c sp=0x00000064214ff090
Event: 898.705 Thread 0x00000233b54cec70 DEOPT UNPACKING pc=0x000002339e1c23a3 sp=0x00000064214ff060 mode 2

Classes unloaded (0 events):
No events

Classes redefined (0 events):
No events

Internal exceptions (20 events):
Event: 13.071 Thread 0x00000233b5fd6440 Exception <a 'java/lang/NoSuchMethodError'{0x00000000870fd238}: 'void java.lang.invoke.DirectMethodHandle$Holder.invokeVirtual(java.lang.Object, java.lang.Object, long)'> (0x00000000870fd238) 
thrown [t:\workspace\open\src\hotspot\share\interpreter\linkResolver.cpp, line 766]
Event: 13.194 Thread 0x00000233b5fd6440 Exception <a 'java/lang/NoSuchMethodError'{0x000000008562e530}: 'int java.lang.invoke.DirectMethodHandle$Holder.invokeStaticInit(java.lang.Object, java.lang.Object, java.lang.Object, java.lang.Object)'> (0x000000008562e530) 
thrown [t:\workspace\open\src\hotspot\share\interpreter\linkResolver.cpp, line 766]
Event: 13.402 Thread 0x00000233b5fd6440 Exception <a 'java/lang/IncompatibleClassChangeError'{0x0000000086c54c80}: Found class java.lang.Object, but interface was expected> (0x0000000086c54c80) 
thrown [t:\workspace\open\src\hotspot\share\interpreter\linkResolver.cpp, line 833]
Event: 13.437 Thread 0x00000233b5fd6440 Exception <a 'java/lang/NoSuchMethodError'{0x000000008560b060}: 'java.lang.Object java.lang.invoke.DirectMethodHandle$Holder.newInvokeSpecial(java.lang.Object, java.lang.Object, java.lang.Object, java.lang.Object, java.lang.Object, java.lang.Object, java.lang.Object, java.lang.Object, java.lang.Object)'> (0x000000008560b060) 
thrown [t:\workspace\open\src\hotspot\share\interpreter\linkResolver.cpp, line 766]
Event: 13.437 Thread 0x00000233b5fd6440 Exception <a 'java/lang/NoSuchMethodError'{0x000000008560fd58}: 'java.lang.Object java.lang.invoke.Invokers$Holder.linkToTargetMethod(java.lang.Object, java.lang.Object, java.lang.Object, java.lang.Object, java.lang.Object, java.lang.Object, java.lang.Object, java.lang.Object, java.lang.Object)'> (0x000000008560fd58) 
thrown [t:\workspace\open\src\hotspot\share\interpreter\linkResolver.cpp, line 766]
Event: 13.807 Thread 0x00000233b54cec70 Exception <a 'java/lang/NoSuchMethodError'{0x0000000089fcfa98}: 'long java.lang.invoke.DirectMethodHandle$Holder.invokeStatic(java.lang.Object, java.lang.Object, java.lang.Object)'> (0x0000000089fcfa98) 
thrown [t:\workspace\open\src\hotspot\share\interpreter\linkResolver.cpp, line 766]
Event: 13.834 Thread 0x00000233b5fd6440 Exception <a 'java/lang/NoSuchMethodError'{0x0000000087063f58}: 'double java.lang.invoke.DirectMethodHandle$Holder.invokeStatic(java.lang.Object, java.lang.Object)'> (0x0000000087063f58) 
thrown [t:\workspace\open\src\hotspot\share\interpreter\linkResolver.cpp, line 766]
Event: 13.837 Thread 0x00000233b5fd6440 Exception <a 'java/lang/NoSuchMethodError'{0x00000000870948a8}: 'int java.lang.invoke.DirectMethodHandle$Holder.invokeStatic(java.lang.Object, java.lang.Object, java.lang.Object, java.lang.Object, java.lang.Object)'> (0x00000000870948a8) 
thrown [t:\workspace\open\src\hotspot\share\interpreter\linkResolver.cpp, line 766]
Event: 13.879 Thread 0x00000233b5fd6440 Implicit null exception at 0x00000233a5dd4860 to 0x00000233a5dd4aac
Event: 14.002 Thread 0x00000233b5fd6440 Exception <a 'java/net/BindException'{0x00000000866a10c0}: Address already in use: bind> (0x00000000866a10c0) 
thrown [t:\workspace\open\src\hotspot\share\prims\jni.cpp, line 535]
Event: 14.002 Thread 0x00000233b5fd6440 Exception <a 'java/net/SocketException'{0x00000000866a17a8}: Socket is not connected: shutdown> (0x00000000866a17a8) 
thrown [t:\workspace\open\src\hotspot\share\prims\jni.cpp, line 535]
Event: 14.432 Thread 0x00000233b5fd6440 Exception <a 'java/lang/NoSuchMethodError'{0x0000000085ed4858}: 'void java.lang.invoke.DirectMethodHandle$Holder.invokeStatic(java.lang.Object, java.lang.Object, double)'> (0x0000000085ed4858) 
thrown [t:\workspace\open\src\hotspot\share\interpreter\linkResolver.cpp, line 766]
Event: 14.447 Thread 0x00000233b5fd6440 Exception <a 'java/lang/NoSuchMethodError'{0x0000000085d2f4e0}: 'double java.lang.invoke.DirectMethodHandle$Holder.invokeStatic(java.lang.Object, java.lang.Object, java.lang.Object)'> (0x0000000085d2f4e0) 
thrown [t:\workspace\open\src\hotspot\share\interpreter\linkResolver.cpp, line 766]
Event: 14.484 Thread 0x00000233b5fd6440 Exception <a 'java/lang/IncompatibleClassChangeError'{0x0000000085c24818}: Found class java.lang.Object, but interface was expected> (0x0000000085c24818) 
thrown [t:\workspace\open\src\hotspot\share\interpreter\linkResolver.cpp, line 833]
Event: 14.490 Thread 0x00000233b5fd6440 Exception <a 'java/lang/NoSuchMethodError'{0x0000000085c43ba8}: 'java.lang.Object java.lang.invoke.DirectMethodHandle$Holder.newInvokeSpecial(java.lang.Object, java.lang.Object, int, java.lang.Object, java.lang.Object)'> (0x0000000085c43ba8) 
thrown [t:\workspace\open\src\hotspot\share\interpreter\linkResolver.cpp, line 766]
Event: 14.525 Thread 0x00000233b5fd6440 Implicit null exception at 0x00000233a5c4fdd7 to 0x00000233a5c50020
Event: 14.779 Thread 0x00000233b5fd6440 Exception <a 'java/lang/IncompatibleClassChangeError'{0x000000008581a0e0}: Found class java.lang.Object, but interface was expected> (0x000000008581a0e0) 
thrown [t:\workspace\open\src\hotspot\share\interpreter\linkResolver.cpp, line 833]
Event: 14.810 Thread 0x00000233b5fd6440 Implicit null exception at 0x00000233a5da7e8e to 0x00000233a5da86b8
Event: 683.567 Thread 0x00000233b5d95d40 Exception <a 'java/lang/NoSuchMethodError'{0x000000008602b210}: 'java.lang.Object java.lang.invoke.DirectMethodHandle$Holder.invokeSpecial(java.lang.Object, java.lang.Object, java.lang.Object, java.lang.Object, java.lang.Object, long)'> (0x000000008602b210) 
thrown [t:\workspace\open\src\hotspot\share\interpreter\linkResolver.cpp, line 766]
Event: 683.568 Thread 0x00000233b5d95d40 Exception <a 'java/lang/NoSuchMethodError'{0x000000008602ec50}: 'java.lang.Object java.lang.invoke.Invokers$Holder.linkToTargetMethod(java.lang.Object, java.lang.Object, java.lang.Object, long, java.lang.Object)'> (0x000000008602ec50) 
thrown [t:\workspace\open\src\hotspot\share\interpreter\linkResolver.cpp, line 766]

VM Operations (20 events):
Event: 823.516 Executing VM operation: Cleanup
Event: 823.516 Executing VM operation: Cleanup done
Event: 894.201 Executing VM operation: Cleanup
Event: 894.201 Executing VM operation: Cleanup done
Event: 898.692 Executing VM operation: G1CollectForAllocation
Event: 898.703 Executing VM operation: G1CollectForAllocation done
Event: 899.704 Executing VM operation: Cleanup
Event: 899.704 Executing VM operation: Cleanup done
Event: 915.866 Executing VM operation: Cleanup
Event: 915.867 Executing VM operation: Cleanup done
Event: 934.337 Executing VM operation: G1CollectForAllocation
Event: 934.352 Executing VM operation: G1CollectForAllocation done
Event: 935.359 Executing VM operation: Cleanup
Event: 935.359 Executing VM operation: Cleanup done
Event: 963.493 Executing VM operation: Cleanup
Event: 963.493 Executing VM operation: Cleanup done
Event: 1008.803 Executing VM operation: Cleanup
Event: 1008.803 Executing VM operation: Cleanup done
Event: 1010.806 Executing VM operation: Cleanup
Event: 1010.807 Executing VM operation: Cleanup done

Events (20 events):
Event: 683.450 loading class java/nio/channels/SelectionKey done
Event: 683.451 loading class java/nio/channels/spi/AbstractSelectionKey done
Event: 683.451 loading class sun/nio/ch/SelectionKeyImpl done
Event: 683.451 loading class java/lang/invoke/ConstantBootstraps
Event: 683.453 loading class java/lang/invoke/ConstantBootstraps done
Event: 683.577 loading class sun/nio/cs/ThreadLocalCoders
Event: 683.578 loading class sun/nio/cs/ThreadLocalCoders done
Event: 683.578 loading class sun/nio/cs/ThreadLocalCoders$1
Event: 683.578 loading class sun/nio/cs/ThreadLocalCoders$Cache
Event: 683.578 loading class sun/nio/cs/ThreadLocalCoders$Cache done
Event: 683.578 loading class sun/nio/cs/ThreadLocalCoders$1 done
Event: 683.579 loading class sun/nio/cs/ThreadLocalCoders$2
Event: 683.579 loading class sun/nio/cs/ThreadLocalCoders$2 done
Event: 683.829 loading class java/util/concurrent/ArrayBlockingQueue
Event: 683.831 Thread 0x00000233b4999ce0 flushing nmethod 0x000002339e902590
Event: 683.853 loading class java/util/concurrent/ArrayBlockingQueue done
Event: 683.865 loading class java/util/concurrent/ArrayBlockingQueue$Itr
Event: 683.866 loading class java/util/concurrent/ArrayBlockingQueue$Itr done
Event: 684.480 loading class java/util/ArrayDeque$DescendingIterator
Event: 684.480 loading class java/util/ArrayDeque$DescendingIterator done


Dynamic libraries:
0x00007ff7788f0000 - 0x00007ff778900000 	C:\Program Files\Java\jdk-17.0.3.1\bin\javaw.exe
0x00007ffea7290000 - 0x00007ffea74a7000 	C:\WINDOWS\SYSTEM32\ntdll.dll
0x00007ffea6720000 - 0x00007ffea67e4000 	C:\WINDOWS\System32\KERNEL32.DLL
0x00007ffea4a00000 - 0x00007ffea4dad000 	C:\WINDOWS\System32\KERNELBASE.dll
0x00007ffea48b0000 - 0x00007ffea49c1000 	C:\WINDOWS\System32\ucrtbase.dll
0x00007ffe89160000 - 0x00007ffe89178000 	C:\Program Files\Java\jdk-17.0.3.1\bin\jli.dll
0x00007ffea64d0000 - 0x00007ffea6582000 	C:\WINDOWS\System32\ADVAPI32.dll
0x00007ffe709e0000 - 0x00007ffe709fa000 	C:\Program Files\Java\jdk-17.0.3.1\bin\VCRUNTIME140.dll
0x00007ffea5050000 - 0x00007ffea50f7000 	C:\WINDOWS\System32\msvcrt.dll
0x00007ffea7070000 - 0x00007ffea7119000 	C:\WINDOWS\System32\sechost.dll
0x00007ffea49d0000 - 0x00007ffea49f8000 	C:\WINDOWS\System32\bcrypt.dll
0x00007ffea63b0000 - 0x00007ffea64c4000 	C:\WINDOWS\System32\RPCRT4.dll
0x00007ffea5460000 - 0x00007ffea560e000 	C:\WINDOWS\System32\USER32.dll
0x00007ffe8b7d0000 - 0x00007ffe8ba63000 	C:\WINDOWS\WinSxS\amd64_microsoft.windows.common-controls_6595b64144ccf1df_6.0.22621.3672_none_2713b9d173822955\COMCTL32.dll
0x00007ffea4f90000 - 0x00007ffea4fb6000 	C:\WINDOWS\System32\win32u.dll
0x00007ffea4fc0000 - 0x00007ffea4fe9000 	C:\WINDOWS\System32\GDI32.dll
0x00007ffea4e70000 - 0x00007ffea4f89000 	C:\WINDOWS\System32\gdi32full.dll
0x00007ffe998a0000 - 0x00007ffe998aa000 	C:\WINDOWS\SYSTEM32\VERSION.dll
0x00007ffea45b0000 - 0x00007ffea464a000 	C:\WINDOWS\System32\msvcp_win.dll
0x00007ffea71a0000 - 0x00007ffea71d1000 	C:\WINDOWS\System32\IMM32.DLL
0x00007ffe923b0000 - 0x00007ffe923bc000 	C:\Program Files\Java\jdk-17.0.3.1\bin\vcruntime140_1.dll
0x00007ffe5e110000 - 0x00007ffe5e19d000 	C:\Program Files\Java\jdk-17.0.3.1\bin\msvcp140.dll
0x00007ffe071d0000 - 0x00007ffe07d90000 	C:\Program Files\Java\jdk-17.0.3.1\bin\server\jvm.dll
0x00007ffea6cd0000 - 0x00007ffea6cd8000 	C:\WINDOWS\System32\PSAPI.DLL
0x00007ffe9cee0000 - 0x00007ffe9cee9000 	C:\WINDOWS\SYSTEM32\WSOCK32.dll
0x00007ffea6590000 - 0x00007ffea6601000 	C:\WINDOWS\System32\WS2_32.dll
0x00007ffe9a240000 - 0x00007ffe9a274000 	C:\WINDOWS\SYSTEM32\WINMM.dll
0x00007ffea35a0000 - 0x00007ffea35b8000 	C:\WINDOWS\SYSTEM32\kernel.appcore.dll
0x00007ffe96710000 - 0x00007ffe9671a000 	C:\Program Files\Java\jdk-17.0.3.1\bin\jimage.dll
0x00007ffea1e00000 - 0x00007ffea2032000 	C:\WINDOWS\SYSTEM32\DBGHELP.DLL
0x00007ffea6ce0000 - 0x00007ffea706d000 	C:\WINDOWS\System32\combase.dll
0x00007ffea6640000 - 0x00007ffea6717000 	C:\WINDOWS\System32\OLEAUT32.dll
0x00007ffe73f20000 - 0x00007ffe73f52000 	C:\WINDOWS\SYSTEM32\dbgcore.DLL
0x00007ffea4830000 - 0x00007ffea48ab000 	C:\WINDOWS\System32\bcryptPrimitives.dll
0x00007ffe82ca0000 - 0x00007ffe82cc5000 	C:\Program Files\Java\jdk-17.0.3.1\bin\java.dll
0x00007ffe60670000 - 0x00007ffe60746000 	C:\Program Files\Java\jdk-17.0.3.1\bin\jsvml.dll
0x00007ffea5720000 - 0x00007ffea5f88000 	C:\WINDOWS\System32\SHELL32.dll
0x00007ffea24b0000 - 0x00007ffea2dae000 	C:\WINDOWS\SYSTEM32\windows.storage.dll
0x00007ffea2370000 - 0x00007ffea24af000 	C:\WINDOWS\SYSTEM32\wintypes.dll
0x00007ffea5360000 - 0x00007ffea5459000 	C:\WINDOWS\System32\SHCORE.dll
0x00007ffea4ff0000 - 0x00007ffea504e000 	C:\WINDOWS\System32\shlwapi.dll
0x00007ffea44e0000 - 0x00007ffea4501000 	C:\WINDOWS\SYSTEM32\profapi.dll
0x00007ffe84fb0000 - 0x00007ffe84fc9000 	C:\Program Files\Java\jdk-17.0.3.1\bin\net.dll
0x00007ffe9a280000 - 0x00007ffe9a3b6000 	C:\WINDOWS\SYSTEM32\WINHTTP.dll
0x00007ffea3a70000 - 0x00007ffea3ad9000 	C:\WINDOWS\system32\mswsock.dll
0x00007ffe82a00000 - 0x00007ffe82a16000 	C:\Program Files\Java\jdk-17.0.3.1\bin\nio.dll
0x00007ffe85ba0000 - 0x00007ffe85bb8000 	C:\Program Files\Java\jdk-17.0.3.1\bin\zip.dll
0x00007ffe92680000 - 0x00007ffe92689000 	C:\Program Files\Java\jdk-17.0.3.1\bin\management.dll
0x00007ffe92090000 - 0x00007ffe9209b000 	C:\Program Files\Java\jdk-17.0.3.1\bin\management_ext.dll
0x00007ffea3080000 - 0x00007ffea3178000 	C:\WINDOWS\SYSTEM32\DNSAPI.dll
0x00007ffea3010000 - 0x00007ffea303d000 	C:\WINDOWS\SYSTEM32\IPHLPAPI.DLL
0x00007ffea67f0000 - 0x00007ffea67f9000 	C:\WINDOWS\System32\NSI.dll
0x00007ffe99170000 - 0x00007ffe9917a000 	C:\Windows\System32\rasadhlp.dll
0x00007ffe98840000 - 0x00007ffe988c3000 	C:\WINDOWS\System32\fwpuclnt.dll
0x00007ffe9a200000 - 0x00007ffe9a219000 	C:\WINDOWS\SYSTEM32\dhcpcsvc6.DLL
0x00007ffe9a020000 - 0x00007ffe9a03f000 	C:\WINDOWS\SYSTEM32\dhcpcsvc.DLL
0x00007ffe99ea0000 - 0x00007ffe99eae000 	C:\Program Files\Java\jdk-17.0.3.1\bin\sunmscapi.dll
0x00007ffea46c0000 - 0x00007ffea4827000 	C:\WINDOWS\System32\CRYPT32.dll
0x00007ffea3f40000 - 0x00007ffea3f6e000 	C:\WINDOWS\SYSTEM32\ncrypt.dll
0x00007ffea3f00000 - 0x00007ffea3f37000 	C:\WINDOWS\SYSTEM32\NTASN1.dll
0x0000000180000000 - 0x0000000180288000 	C:\apache-tomcat-9.0.70\bin\tcnative-1.dll
0x00007ffea3d90000 - 0x00007ffea3dab000 	C:\WINDOWS\SYSTEM32\CRYPTSP.dll
0x00007ffea3500000 - 0x00007ffea3535000 	C:\WINDOWS\system32\rsaenh.dll
0x00007ffea3b10000 - 0x00007ffea3b38000 	C:\WINDOWS\SYSTEM32\USERENV.dll
0x00007ffea3c80000 - 0x00007ffea3c8c000 	C:\WINDOWS\SYSTEM32\CRYPTBASE.dll
0x00007ffe92b20000 - 0x00007ffe92b30000 	C:\Program Files\Java\jdk-17.0.3.1\bin\verify.dll
0x00007ffe62b50000 - 0x00007ffe62b58000 	C:\WINDOWS\system32\wshunix.dll

dbghelp: loaded successfully - version: 4.0.5 - missing functions: none
symbol engine: initialized successfully - sym options: 0x614 - pdb path: .;C:\Program Files\Java\jdk-17.0.3.1\bin;C:\WINDOWS\SYSTEM32;C:\WINDOWS\WinSxS\amd64_microsoft.windows.common-controls_6595b64144ccf1df_6.0.22621.3672_none_2713b9d173822955;C:\Program Files\Java\jdk-17.0.3.1\bin\server;C:\apache-tomcat-9.0.70\bin

VM Arguments:
jvm_args: -Dfile.encoding=UTF-8 -XX:+ShowCodeDetailsInExceptionMessages 
java_command: com.ecart.products.ProductsApplication
java_class_path (initial): C:\Users\DELL\git\ecart-dev\products\target\classes;C:\Users\DELL\.m2\repository\org\springframework\boot\spring-boot-starter-actuator\3.3.4\spring-boot-starter-actuator-3.3.4.jar;C:\Users\DELL\.m2\repository\org\springframework\boot\spring-boot-starter\3.3.4\spring-boot-starter-3.3.4.jar;C:\Users\DELL\.m2\repository\org\springframework\boot\spring-boot-starter-logging\3.3.4\spring-boot-starter-logging-3.3.4.jar;C:\Users\DELL\.m2\repository\ch\qos\logback\logback-classic\1.5.8\logback-classic-1.5.8.jar;C:\Users\DELL\.m2\repository\ch\qos\logback\logback-core\1.5.8\logback-core-1.5.8.jar;C:\Users\DELL\.m2\repository\org\apache\logging\log4j\log4j-to-slf4j\2.23.1\log4j-to-slf4j-2.23.1.jar;C:\Users\DELL\.m2\repository\org\apache\logging\log4j\log4j-api\2.23.1\log4j-api-2.23.1.jar;C:\Users\DELL\.m2\repository\org\slf4j\jul-to-slf4j\2.0.16\jul-to-slf4j-2.0.16.jar;C:\Users\DELL\.m2\repository\jakarta\annotation\jakarta.annotation-api\2.1.1\jakarta.annotation-api-2.1.1.jar;C:\Users\DELL\.m2\repository\org\yaml\snakeyaml\2.2\snakeyaml-2.2.jar;C:\Users\DELL\.m2\repository\org\springframework\boot\spring-boot-actuator-autoconfigure\3.3.4\spring-boot-actuator-autoconfigure-3.3.4.jar;C:\Users\DELL\.m2\repository\org\springframework\boot\spring-boot-actuator\3.3.4\spring-boot-actuator-3.3.4.jar;C:\Users\DELL\.m2\repository\com\fasterxml\jackson\datatype\jackson-datatype-jsr310\2.17.2\jackson-datatype-jsr310-2.17.2.jar;C:\Users\DELL\.m2\repository\io\micrometer\micrometer-observation\1.13.4\micrometer-observation-1.13.4.jar;C:\Users\DELL\.m2\repository\io\micrometer\micrometer-commons\1.13.4\micrometer-commons-1.13.4.jar;C:\Users\DELL\.m2\repository\io\micrometer\micrometer-jakarta9\1.13.4\micrometer-jakarta9-1.13.4.jar;C:\Users\DELL\.m2\repository\io\micrometer\micrometer-core\1.13.4\micrometer-core-1.13.4.jar;C:\Users\DELL\.m2\repository\org\hdrhistogram\HdrHistogram\2.2.2\HdrHistogram-2.2.2.jar;C:\Users\DELL\.m2\repository\org\latencyutils\LatencyU
Launcher Type: SUN_STANDARD

[Global flags]
     intx CICompilerCount                          = 4                                         {product} {ergonomic}
     uint ConcGCThreads                            = 2                                         {product} {ergonomic}
     uint G1ConcRefinementThreads                  = 8                                         {product} {ergonomic}
   size_t G1HeapRegionSize                         = 1048576                                   {product} {ergonomic}
    uintx GCDrainStackTargetSize                   = 64                                        {product} {ergonomic}
   size_t InitialHeapSize                          = 132120576                                 {product} {ergonomic}
   size_t MarkStackSize                            = 4194304                                   {product} {ergonomic}
   size_t MaxHeapSize                              = 2111832064                                {product} {ergonomic}
   size_t MaxNewSize                               = 1266679808                                {product} {ergonomic}
   size_t MinHeapDeltaBytes                        = 1048576                                   {product} {ergonomic}
   size_t MinHeapSize                              = 8388608                                   {product} {ergonomic}
    uintx NonNMethodCodeHeapSize                   = 5839372                                {pd product} {ergonomic}
    uintx NonProfiledCodeHeapSize                  = 122909434                              {pd product} {ergonomic}
    uintx ProfiledCodeHeapSize                     = 122909434                              {pd product} {ergonomic}
    uintx ReservedCodeCacheSize                    = 251658240                              {pd product} {ergonomic}
     bool SegmentedCodeCache                       = true                                      {product} {ergonomic}
     bool ShowCodeDetailsInExceptionMessages       = true                                   {manageable} {command line}
   size_t SoftMaxHeapSize                          = 2111832064                             {manageable} {ergonomic}
     bool UseCompressedClassPointers               = true                           {product lp64_product} {ergonomic}
     bool UseCompressedOops                        = true                           {product lp64_product} {ergonomic}
     bool UseG1GC                                  = true                                      {product} {ergonomic}
     bool UseLargePagesIndividualAllocation        = false                                  {pd product} {ergonomic}

Logging:
Log output configuration:
 #0: stdout all=warning uptime,level,tags
 #1: stderr all=off uptime,level,tags

Environment Variables:
JAVA_HOME=C:\Program Files\Java\jdk-17.0.3.1
CLASSPATH=c:\MyJava\sqlite-jdbc-3.7.2
PATH=C:/Program Files/Java/jdk-17.0.3.1/bin/server;C:/Program Files/Java/jdk-17.0.3.1/bin;C:\Program Files\Java\jdk-17.0.3.1\bin;C:\Program Files\Common Files\Oracle\Java\javapath;D:\app\oracle\product\11.2.0\server\bin;C:\WINDOWS\system32;C:\WINDOWS;C:\WINDOWS\System32\Wbem;C:\Users\DELL\Downloads\kafka\bin\windows;C:\WINDOWS\System32\WindowsPowerShell\v1.0\;C:\WINDOWS\System32\OpenSSH\;C:\Program Files (x86)\MySQL\MySQL Server 5.5\bin;C:\Users\DELL\AppData\Roaming\npm\node_modules\npm\node_modules\@angular\cli\bin;C:\Program Files\dotnet\;C:\Users\DELL\AppData\Roaming\npm;C:\Program Files\PuTTY\;C:\apache-tomcat-9.0.70\bin;C:\Program Files\nodejs\;C:\Program Files\Docker\Docker\resources\bin;C:\ProgramData\chocolatey\bin;C:\Program Files\Git\cmd;C:\Program Files\Java\jdk-17.0.3.1\bin;C:\Program Files\Kubernetes\Minikube;C:\WINDOWS\System32\WindowsPowerShell\v1.0\;C:\Program Files\Java\jdk1.7.0_45\bin;D:\brackets\;D:\Microsoft VS Code\bin;C:\Users\DELL\AppData\Roaming\npm \node_modules@angular\cli\bin;C:\Users\DELL\AppData\Roaming\npm;C:\Users\DELL\AppData\Local\Microsoft\WindowsApps;C:\Program Files\Apache Software Foundation\apache-maven-3.9.4\bin;;C:\Program Files\JetBrains\IntelliJ IDEA 2024.2.2\bin;;C:\Users\DELL\eclipse\jee-2022-09\eclipse;
USERNAME=DELL
OS=Windows_NT
PROCESSOR_IDENTIFIER=Intel64 Family 6 Model 142 Stepping 12, GenuineIntel



---------------  S Y S T E M  ---------------

OS:
 Windows 11 , 64 bit Build 22621 (10.0.22621.3958)
OS uptime: 11 days 19:45 hours
Hyper-V role detected

CPU: total 8 (initial active 8) (4 cores per cpu, 2 threads per core) family 6 model 142 stepping 12 microcode 0xf8, cx8, cmov, fxsr, ht, mmx, 3dnowpref, sse, sse2, sse3, ssse3, sse4.1, sse4.2, popcnt, lzcnt, tsc, tscinvbit, avx, avx2, aes, erms, clmul, bmi1, bmi2, adx, fma, vzeroupper, clflush, clflushopt, hv

Memory: 4k page, system-wide physical 8050M (516M free)
TotalPageFile size 32626M (AvailPageFile size 0M)
current process WorkingSet (physical memory assigned to process): 147M, peak: 270M
current process commit charge ("private bytes"): 290M, peak: 310M

vm_info: Java HotSpot(TM) 64-Bit Server VM (17.0.3.1+2-LTS-6) for windows-amd64 JRE (17.0.3.1+2-LTS-6), built on Apr 25 2022 22:04:21 by "mach5one" with MS VC++ 16.8 / 16.9 (VS2019)

END.
